<?xml version="1.0" encoding="UTF-8"?>
<!-- Generated by org.testng.reporters.JUnitReportReporter -->
<testsuite skipped="0" hostname="GSO05201605" name="com.test.WindowTest" tests="1" failures="0" timestamp="01 Nov 2018 14:48:50 GMT" time="5.682" errors="0">
  <testcase name="f" time="5.682" classname="com.test.WindowTest"/>
</testsuite> <!-- com.test.WindowTest -->
