<?xml version="1.0" encoding="UTF-8"?>
<!-- Generated by org.testng.reporters.JUnitReportReporter -->
<testsuite skipped="0" hostname="GSO05201605" name="com.test.WindowTest" tests="2" failures="0" timestamp="02 Nov 2018 16:45:47 GMT" time="11.873" errors="0">
  <testcase name="newWindowChrome" time="4.165" classname="com.test.WindowTest"/>
  <testcase name="newWindowFirefox" time="7.708" classname="com.test.WindowTest"/>
</testsuite> <!-- com.test.WindowTest -->
