<?xml version="1.0" encoding="UTF-8"?>
<!-- Generated by org.testng.reporters.JUnitReportReporter -->
<testsuite skipped="0" hostname="GSO05201605" name="com.test.LoginTest" tests="1" failures="0" timestamp="02 Nov 2018 21:08:37 GMT" time="2.744" errors="0">
  <testcase name="loginChrome" time="2.744" classname="com.test.LoginTest"/>
</testsuite> <!-- com.test.LoginTest -->
