<?xml version="1.0" encoding="UTF-8"?>
<!-- Generated by org.testng.reporters.JUnitReportReporter -->
<testsuite skipped="0" hostname="GSO05201605" name="com.test.WindowTest" tests="2" failures="0" timestamp="02 Nov 2018 21:08:37 GMT" time="11.488" errors="0">
  <testcase name="newWindowFirefox" time="7.605" classname="com.test.WindowTest"/>
  <testcase name="newWindowChrome" time="3.883" classname="com.test.WindowTest"/>
</testsuite> <!-- com.test.WindowTest -->
