<?xml version="1.0" encoding="UTF-8"?>
<!-- Generated by org.testng.reporters.JUnitReportReporter -->
<testsuite skipped="0" hostname="GSO05201605" name="com.test.WindowTest" tests="1" failures="0" timestamp="01 Nov 2018 16:29:56 GMT" time="6.266" errors="0">
  <testcase name="f" time="6.266" classname="com.test.WindowTest"/>
</testsuite> <!-- com.test.WindowTest -->
