<?xml version="1.0" encoding="UTF-8"?>
<!-- Generated by org.testng.reporters.JUnitReportReporter -->
<testsuite hostname="GSO05201605" failures="0" tests="1" name="com.test.WindowTest" time="10.083" errors="0" timestamp="01 Nov 2018 15:03:42 GMT" skipped="0">
  <testcase classname="com.test.WindowTest" name="f" time="10.083"/>
</testsuite> <!-- com.test.WindowTest -->
